<!DOCTYPE html>
<html>
<head>
    <title>Unittest Results</title>
    <meta charset="utf-8">
    <meta name="viewport" content="width=device-width, initial-scale=1.0">
    <link rel="stylesheet" href="https://maxcdn.bootstrapcdn.com/bootstrap/3.3.6/css/bootstrap.min.css" integrity="sha384-1q8mTJOASx8j1Au+a5WDVnPi2lkFfwwEAa8hDDdjZlpLegxhjVME1fgjWPGmkzs7" crossorigin="anonymous">
</head>
<body>
    <div class="container">
        <div class="row">
            <div class="col-xs-12">
                <h2 class="text-capitalize">Unittest Results</h2>
                <p class='attribute'><strong>Start Time: </strong>2025-04-27 13:16:38</p>
                <p class='attribute'><strong>Duration: </strong>21.74 s</p>
                <p class='attribute'><strong>Summary: </strong>Total: 1, Pass: 0, Error: 1</p>
            </div>
        </div>
        <div class="row">
            <div class="col-xs-12 col-sm-10 col-md-10">
                <table class='table table-hover table-responsive'>
                    <thead>
                        <tr>
                            <th>__main__.LoginLogoutTest</th>
                            <th>Status</th>
                            <th></th>
                        </tr>
                    </thead>
                    <tbody>
                        <tr class='warning'>
                            <td class="col-xs-10">test_login_and_logout</td>
                            <td class="col-xs-1">
                                <span class="label label-warning" style="display:block;width:40px;">Error</span>
                            </td>
                            <td class="col-xs-1">
                                <button class="btn btn-default btn-xs">View</button>
                            </td>
                        </tr>
                        <tr style="display:none;">
                            <td class="col-xs-9" colspan="3"><p style="color:maroon;">NoSuchElementException: Message: no such element: Unable to locate element: {"method":"xpath","selector":"//input[@placeholder='Username']"}
  (Session info: chrome=135.0.7049.115); For documentation on this error, please visit: https://www.selenium.dev/documentation/webdriver/troubleshooting/errors#no-such-element-exception
Stacktrace:
	GetHandleVerifier [0x00007FF6A08CEFA5+77893]
	GetHandleVerifier [0x00007FF6A08CF000+77984]
	(No symbol) [0x00007FF6A06991BA]
	(No symbol) [0x00007FF6A06EF16D]
	(No symbol) [0x00007FF6A06EF41C]
	(No symbol) [0x00007FF6A0742237]
	(No symbol) [0x00007FF6A071716F]
	(No symbol) [0x00007FF6A073F07F]
	(No symbol) [0x00007FF6A0716F03]
	(No symbol) [0x00007FF6A06E0328]
	(No symbol) [0x00007FF6A06E1093]
	GetHandleVerifier [0x00007FF6A0B87B6D+2931725]
	GetHandleVerifier [0x00007FF6A0B82132+2908626]
	GetHandleVerifier [0x00007FF6A0BA00F3+3031443]
	GetHandleVerifier [0x00007FF6A08E91EA+184970]
	GetHandleVerifier [0x00007FF6A08F086F+215311]
	GetHandleVerifier [0x00007FF6A08D6EC4+110436]
	GetHandleVerifier [0x00007FF6A08D7072+110866]
	GetHandleVerifier [0x00007FF6A08BD479+5401]
	BaseThreadInitThunk [0x00007FFFAB9E7374+20]
	RtlUserThreadStart [0x00007FFFAD8FCC91+33]
</p><p style="color:maroon;">Traceback (most recent call last):
  File "C:\Users\Abhay\Desktop\Selenium\Unit\Tests\test_login_logout.py", line 31, in test_login_and_logout
    self.assertTrue(self.driver.find_element(By.XPATH, "//input[@placeholder='Username']").is_displayed())
                    ^^^^^^^^^^^^^^^^^^^^^^^^^^^^^^^^^^^^^^^^^^^^^^^^^^^^^^^^^^^^^^^^^^^^^^
  File "C:\Users\Abhay\AppData\Roaming\Python\Python312\site-packages\selenium\webdriver\remote\webdriver.py", line 898, in find_element
    return self.execute(Command.FIND_ELEMENT, {"using": by, "value": value})["value"]
           ^^^^^^^^^^^^^^^^^^^^^^^^^^^^^^^^^^^^^^^^^^^^^^^^^^^^^^^^^^^^^^^^^
  File "C:\Users\Abhay\AppData\Roaming\Python\Python312\site-packages\selenium\webdriver\remote\webdriver.py", line 429, in execute
    self.error_handler.check_response(response)
  File "C:\Users\Abhay\AppData\Roaming\Python\Python312\site-packages\selenium\webdriver\remote\errorhandler.py", line 232, in check_response
    raise exception_class(message, screen, stacktrace)
selenium.common.exceptions.NoSuchElementException: Message: no such element: Unable to locate element: {"method":"xpath","selector":"//input[@placeholder='Username']"}
  (Session info: chrome=135.0.7049.115); For documentation on this error, please visit: https://www.selenium.dev/documentation/webdriver/troubleshooting/errors#no-such-element-exception
Stacktrace:
	GetHandleVerifier [0x00007FF6A08CEFA5+77893]
	GetHandleVerifier [0x00007FF6A08CF000+77984]
	(No symbol) [0x00007FF6A06991BA]
	(No symbol) [0x00007FF6A06EF16D]
	(No symbol) [0x00007FF6A06EF41C]
	(No symbol) [0x00007FF6A0742237]
	(No symbol) [0x00007FF6A071716F]
	(No symbol) [0x00007FF6A073F07F]
	(No symbol) [0x00007FF6A0716F03]
	(No symbol) [0x00007FF6A06E0328]
	(No symbol) [0x00007FF6A06E1093]
	GetHandleVerifier [0x00007FF6A0B87B6D+2931725]
	GetHandleVerifier [0x00007FF6A0B82132+2908626]
	GetHandleVerifier [0x00007FF6A0BA00F3+3031443]
	GetHandleVerifier [0x00007FF6A08E91EA+184970]
	GetHandleVerifier [0x00007FF6A08F086F+215311]
	GetHandleVerifier [0x00007FF6A08D6EC4+110436]
	GetHandleVerifier [0x00007FF6A08D7072+110866]
	GetHandleVerifier [0x00007FF6A08BD479+5401]
	BaseThreadInitThunk [0x00007FFFAB9E7374+20]
	RtlUserThreadStart [0x00007FFFAD8FCC91+33]

</p>
                            </td>
                        </tr>
                        <tr>
                            <td colspan="3">
                                Total: 1, Pass: 0, Error: 1 -- Duration: 21.74 s
                            </td>
                        </tr>
                    </tbody>
                </table>
            </div>
        </div>
    </div>
    <script src="https://ajax.googleapis.com/ajax/libs/jquery/2.2.4/jquery.min.js"></script>
    <script type="text/javascript">
        $(document).ready(function(){
            $('td').on('click', '.btn', function(e){
                e.preventDefault();
                e.stopImmediatePropagation();
                var $this = $(this);
                var $nextRow = $this.closest('tr').next('tr');
                $nextRow.slideToggle("fast");
                $this.text(function(i, text){
                    if (text === 'View') {
                        return 'Hide';
                    } else {
                        return 'View';
                    };
                });
            });
        });
    </script>
</body>
</html